<?xml version="1.0" encoding="UTF-8"?>
<testsuite xmlns:xsi="http://www.w3.org/2001/XMLSchema-instance" xsi:noNamespaceSchemaLocation="https://maven.apache.org/surefire/maven-surefire-plugin/xsd/surefire-test-report-3.0.xsd" version="3.0" name="org.example.CalculatorTest" time="0.028" tests="3" errors="0" skipped="0" failures="0">
  <properties>
[...]
</properties>
  <testcase name="shouldReturnFactorialOfOne" classname="org.example.CalculatorTest" time="0.015"/>
  <testcase name="shouldReturnFactorialOfTwo" classname="org.example.CalculatorTest" time="0.0"/>
  <testcase name="shouldReturnFactorialOfFive" classname="org.example.CalculatorTest" time="0.0"/>
</testsuite>